Message 1:
Process exited with status 1: Traceback (most recent call last):
  File "/Users/scottiejj/Desktop/AutoKaggle_APAPTED/multi_agents/competition/obesity_risks/feature_engineering/feature_engineering_run_code.py", line 307, in <module>
    generated_code_function()
  File "/Users/scottiejj/Desktop/AutoKaggle_APAPTED/multi_agents/competition/obesity_risks/feature_engineering/feature_engineering_run_code.py", line 277, in generated_code_function
    train_fe[col] = train_fe[col].cat.add_categories(['Rare'])
                    ^^^^^^^^^^^^^^^^^
  File "/opt/anaconda3/envs/AutoKaggle/lib/python3.11/site-packages/pandas/core/generic.py", line 5989, in __getattr__
    return object.__getattribute__(self, name)
           ^^^^^^^^^^^^^^^^^^^^^^^^^^^^^^^^^^^
  File "/opt/anaconda3/envs/AutoKaggle/lib/python3.11/site-packages/pandas/core/accessor.py", line 224, in __get__
    accessor_obj = self._accessor(obj)
                   ^^^^^^^^^^^^^^^^^^^
  File "/opt/anaconda3/envs/AutoKaggle/lib/python3.11/site-packages/pandas/core/arrays/categorical.py", line 2445, in __init__
    self._validate(data)
  File "/opt/anaconda3/envs/AutoKaggle/lib/python3.11/site-packages/pandas/core/arrays/categorical.py", line 2454, in _validate
    raise AttributeError("Can only use .cat accessor with a 'category' dtype")
AttributeError: Can only use .cat accessor with a 'category' dtype. Did you mean: 'at'?



Message 2:
Process exited with status 1: Traceback (most recent call last):
  File "/Users/scottiejj/Desktop/AutoKaggle_APAPTED/multi_agents/competition/obesity_risks/feature_engineering/feature_engineering_run_code.py", line 307, in <module>
    generated_code_function()
  File "/Users/scottiejj/Desktop/AutoKaggle_APAPTED/multi_agents/competition/obesity_risks/feature_engineering/feature_engineering_run_code.py", line 277, in generated_code_function
    train_fe[col] = train_fe[col].cat.add_categories(['Rare'])
                    ^^^^^^^^^^^^^^^^^
  File "/opt/anaconda3/envs/AutoKaggle/lib/python3.11/site-packages/pandas/core/generic.py", line 5989, in __getattr__
    return object.__getattribute__(self, name)
           ^^^^^^^^^^^^^^^^^^^^^^^^^^^^^^^^^^^
  File "/opt/anaconda3/envs/AutoKaggle/lib/python3.11/site-packages/pandas/core/accessor.py", line 224, in __get__
    accessor_obj = self._accessor(obj)
                   ^^^^^^^^^^^^^^^^^^^
  File "/opt/anaconda3/envs/AutoKaggle/lib/python3.11/site-packages/pandas/core/arrays/categorical.py", line 2445, in __init__
    self._validate(data)
  File "/opt/anaconda3/envs/AutoKaggle/lib/python3.11/site-packages/pandas/core/arrays/categorical.py", line 2454, in _validate
    raise AttributeError("Can only use .cat accessor with a 'category' dtype")
AttributeError: Can only use .cat accessor with a 'category' dtype. Did you mean: 'at'?



